<?xml version="1.0" encoding="UTF-8"?>
<!-- Generated by org.testng.reporters.JUnitReportReporter -->
<testsuite hostname="UPSCRATCH" failures="0" tests="1" name="script.ValidLogin" time="16.953" errors="0" timestamp="2023-05-17T03:23:44 IST" skipped="0">
  <testcase classname="script.ValidLogin" name="testValidLogin" time="16.953"/>
  <system-out>
    <![CDATA[Home Page is displayed!]]>
  </system-out>
</testsuite> <!-- script.ValidLogin -->
