<?xml version="1.0" encoding="UTF-8"?>
<!-- Generated by org.testng.reporters.JUnitReportReporter -->
<testsuite hostname="UPSCRATCH" failures="0" tests="1" name="script.DemoTest" time="12.288" errors="0" timestamp="2023-05-16T20:19:13 IST" skipped="0">
  <testcase classname="script.DemoTest" name="demoTest1" time="12.288"/>
  <system-out>
    <![CDATA[Test Data: admin
Google]]>
  </system-out>
</testsuite> <!-- script.DemoTest -->
